2018-10-22 13:36:37,312 [ModalContext] WARN  o.e.m.i.discovery.MavenDiscovery - CatalogItem org.eclipse.m2e.discovery.lifecyclemapping.m2e-wtp does not contain lifecycle mapping metadata
2018-10-22 13:36:37,323 [ModalContext] WARN  o.e.m.i.discovery.MavenDiscovery - CatalogItem org.eclipse.m2e.discovery.lifecyclemapping.m2e-egit does not contain lifecycle mapping metadata
2018-10-22 13:36:37,324 [ModalContext] WARN  o.e.m.i.discovery.MavenDiscovery - CatalogItem org.eclipse.m2e.discovery.lifecyclemapping.m2e-subversive does not contain lifecycle mapping metadata
2018-10-22 13:36:37,324 [ModalContext] WARN  o.e.m.i.discovery.MavenDiscovery - CatalogItem org.eclipse.m2e.discovery.lifecyclemapping.m2e-subclipse does not contain lifecycle mapping metadata
2018-10-22 13:36:44,970 [Worker-1] INFO  o.e.m.c.i.l.LifecycleMappingFactory - Using NULL lifecycle mapping for MavenProject: com.demo:stage-parent:0.0.1-SNAPSHOT @ /home/tonsr/gitworkspace/stage-parent/pom.xml.
2018-10-22 13:36:45,036 [Worker-1] INFO  o.e.m.c.i.p.ProjectConfigurationManager - Project import completed 0 sec
2018-10-22 13:36:45,080 [Worker-4] INFO  o.e.m.c.i.p.ProjectConfigurationManager - Update started
2018-10-22 13:36:45,081 [Worker-4] INFO  o.e.m.c.i.p.ProjectConfigurationManager - Update completed: 0 sec
2018-10-22 13:36:46,140 [Worker-5] INFO  o.e.m.c.i.l.LifecycleMappingFactory - Using NULL lifecycle mapping for MavenProject: com.demo:stage-parent:0.0.1-SNAPSHOT @ /home/tonsr/gitworkspace/stage-parent/pom.xml.
2018-10-22 13:37:13,431 [Worker-4] INFO  o.e.m.c.i.l.LifecycleMappingFactory - Using NULL lifecycle mapping for MavenProject: com.tonsr:wxpt-app:0.0.1-SNAPSHOT @ /home/tonsr/gitworkspace/wxpt-app/pom.xml.
2018-10-22 13:37:13,561 [Worker-4] INFO  o.e.m.c.i.l.LifecycleMappingFactory - Using org.eclipse.m2e.jdt.JarLifecycleMapping lifecycle mapping for MavenProject: com.tonsr:wxpt-model:0.0.1-SNAPSHOT @ /home/tonsr/gitworkspace/wxpt-app/wxpt-model/pom.xml.
2018-10-22 13:37:13,580 [Worker-4] INFO  o.e.m.c.i.l.LifecycleMappingFactory - Using org.eclipse.m2e.jdt.JarLifecycleMapping lifecycle mapping for MavenProject: com.tonsr:wxpt-service:0.0.1-SNAPSHOT @ /home/tonsr/gitworkspace/wxpt-app/wxpt-service/pom.xml.
2018-10-22 13:37:13,766 [Worker-4] INFO  o.e.m.c.i.l.LifecycleMappingFactory - Using org.eclipse.m2e.jdt.JarLifecycleMapping lifecycle mapping for MavenProject: com.tonsr:wxpt-config:0.0.1-SNAPSHOT @ /home/tonsr/gitworkspace/wxpt-app/wxpt-config/pom.xml.
2018-10-22 13:37:13,775 [Worker-4] INFO  o.e.m.c.i.l.LifecycleMappingFactory - Using org.eclipse.m2e.jdt.JarLifecycleMapping lifecycle mapping for MavenProject: com.tonsr:wxpt-website:0.0.1-SNAPSHOT @ /home/tonsr/gitworkspace/wxpt-app/wxpt-website/pom.xml.
2018-10-22 13:37:13,935 [Worker-4] INFO  o.e.m.c.i.l.LifecycleMappingFactory - Using org.eclipse.m2e.jdt.JarLifecycleMapping lifecycle mapping for MavenProject: com.tonsr:wxpt-controller:0.0.1-SNAPSHOT @ /home/tonsr/gitworkspace/wxpt-app/wxpt-controller/pom.xml.
2018-10-22 13:37:14,300 [Worker-4] INFO  o.e.m.j.i.AbstractJavaProjectConfigurator - Adding source folder /wxpt-model/src/main/java
2018-10-22 13:37:14,301 [Worker-4] INFO  o.e.m.j.i.AbstractJavaProjectConfigurator - Adding source folder /wxpt-model/src/test/java
2018-10-22 13:37:14,412 [Worker-4] INFO  o.e.m.j.i.AbstractJavaProjectConfigurator - Adding source folder /wxpt-config/src/main/java
2018-10-22 13:37:14,412 [Worker-4] INFO  o.e.m.j.i.AbstractJavaProjectConfigurator - Adding resource folder /wxpt-config/src/main/resources
2018-10-22 13:37:14,413 [Worker-4] INFO  o.e.m.j.i.AbstractJavaProjectConfigurator - Adding source folder /wxpt-config/src/test/java
2018-10-22 13:37:14,460 [Worker-4] INFO  o.e.m.j.i.AbstractJavaProjectConfigurator - Adding source folder /wxpt-service/src/main/java
2018-10-22 13:37:14,460 [Worker-4] INFO  o.e.m.j.i.AbstractJavaProjectConfigurator - Adding resource folder /wxpt-service/src/main/resources
2018-10-22 13:37:14,461 [Worker-4] INFO  o.e.m.j.i.AbstractJavaProjectConfigurator - Adding source folder /wxpt-service/src/test/java
2018-10-22 13:37:14,566 [Worker-4] INFO  o.e.m.j.i.AbstractJavaProjectConfigurator - Adding source folder /wxpt-website/src/main/java
2018-10-22 13:37:14,567 [Worker-4] INFO  o.e.m.j.i.AbstractJavaProjectConfigurator - Adding source folder /wxpt-website/src/test/java
2018-10-22 13:37:14,654 [Worker-4] INFO  o.e.m.j.i.AbstractJavaProjectConfigurator - Adding source folder /wxpt-controller/src/main/java
2018-10-22 13:37:14,654 [Worker-4] INFO  o.e.m.j.i.AbstractJavaProjectConfigurator - Adding source folder /wxpt-controller/src/test/java
2018-10-22 13:37:14,679 [Worker-4] INFO  o.e.m.c.i.p.ProjectConfigurationManager - Project import completed 1 sec
2018-10-22 13:37:14,762 [Worker-3] INFO  o.e.m.c.i.p.ProjectConfigurationManager - Update started
2018-10-22 13:37:14,763 [Worker-3] INFO  o.e.m.c.i.p.ProjectConfigurationManager - Update completed: 0 sec
2018-10-22 13:37:15,493 [Worker-1] INFO  o.e.m.c.i.l.LifecycleMappingFactory - Using org.eclipse.m2e.jdt.JarLifecycleMapping lifecycle mapping for MavenProject: com.tonsr:wxpt-config:0.0.1-SNAPSHOT @ /home/tonsr/gitworkspace/wxpt-app/wxpt-config/pom.xml.
2018-10-22 13:37:15,590 [Worker-1] WARN  o.e.m.c.i.embedder.EclipseLogger - Using platform encoding (UTF-8 actually) to copy filtered resources, i.e. build is platform dependent!
2018-10-22 13:37:15,597 [Worker-1] INFO  o.e.m.c.i.embedder.EclipseLogger - Copying 6 resources
2018-10-22 13:37:15,609 [Worker-1] WARN  o.e.m.c.i.embedder.EclipseLogger - Using platform encoding (UTF-8 actually) to copy filtered resources, i.e. build is platform dependent!
2018-10-22 13:37:15,610 [Worker-1] INFO  o.e.m.c.i.embedder.EclipseLogger - skip non existing resourceDirectory /home/tonsr/gitworkspace/wxpt-app/wxpt-config/src/test/resources
2018-10-22 13:37:15,655 [Worker-1] INFO  o.e.m.c.i.l.LifecycleMappingFactory - Using org.eclipse.m2e.jdt.JarLifecycleMapping lifecycle mapping for MavenProject: com.tonsr:wxpt-controller:0.0.1-SNAPSHOT @ /home/tonsr/gitworkspace/wxpt-app/wxpt-controller/pom.xml.
2018-10-22 13:37:15,711 [Worker-1] INFO  o.e.m.c.i.embedder.EclipseLogger - Using 'UTF-8' encoding to copy filtered resources.
2018-10-22 13:37:15,711 [Worker-1] INFO  o.e.m.c.i.embedder.EclipseLogger - skip non existing resourceDirectory /home/tonsr/gitworkspace/wxpt-app/wxpt-controller/src/main/resources
2018-10-22 13:37:15,714 [Worker-1] INFO  o.e.m.c.i.embedder.EclipseLogger - Using 'UTF-8' encoding to copy filtered resources.
2018-10-22 13:37:15,715 [Worker-1] INFO  o.e.m.c.i.embedder.EclipseLogger - skip non existing resourceDirectory /home/tonsr/gitworkspace/wxpt-app/wxpt-controller/src/test/resources
2018-10-22 13:37:15,807 [Worker-1] INFO  o.e.m.c.i.l.LifecycleMappingFactory - Using org.eclipse.m2e.jdt.JarLifecycleMapping lifecycle mapping for MavenProject: com.tonsr:wxpt-model:0.0.1-SNAPSHOT @ /home/tonsr/gitworkspace/wxpt-app/wxpt-model/pom.xml.
2018-10-22 13:37:15,837 [Worker-1] WARN  o.e.m.c.i.embedder.EclipseLogger - Using platform encoding (UTF-8 actually) to copy filtered resources, i.e. build is platform dependent!
2018-10-22 13:37:15,837 [Worker-1] INFO  o.e.m.c.i.embedder.EclipseLogger - skip non existing resourceDirectory /home/tonsr/gitworkspace/wxpt-app/wxpt-model/src/main/resources
2018-10-22 13:37:15,838 [Worker-1] WARN  o.e.m.c.i.embedder.EclipseLogger - Using platform encoding (UTF-8 actually) to copy filtered resources, i.e. build is platform dependent!
2018-10-22 13:37:15,839 [Worker-1] INFO  o.e.m.c.i.embedder.EclipseLogger - skip non existing resourceDirectory /home/tonsr/gitworkspace/wxpt-app/wxpt-model/src/test/resources
2018-10-22 13:37:16,139 [Worker-1] INFO  o.e.m.c.i.l.LifecycleMappingFactory - Using org.eclipse.m2e.jdt.JarLifecycleMapping lifecycle mapping for MavenProject: com.tonsr:wxpt-service:0.0.1-SNAPSHOT @ /home/tonsr/gitworkspace/wxpt-app/wxpt-service/pom.xml.
2018-10-22 13:37:16,413 [Worker-1] WARN  o.e.m.c.i.embedder.EclipseLogger - Using platform encoding (UTF-8 actually) to copy filtered resources, i.e. build is platform dependent!
2018-10-22 13:37:16,414 [Worker-1] INFO  o.e.m.c.i.embedder.EclipseLogger - Copying 2 resources
2018-10-22 13:37:16,417 [Worker-1] WARN  o.e.m.c.i.embedder.EclipseLogger - Using platform encoding (UTF-8 actually) to copy filtered resources, i.e. build is platform dependent!
2018-10-22 13:37:16,417 [Worker-1] INFO  o.e.m.c.i.embedder.EclipseLogger - skip non existing resourceDirectory /home/tonsr/gitworkspace/wxpt-app/wxpt-service/src/test/resources
2018-10-22 13:37:16,450 [Worker-1] INFO  o.e.m.c.i.l.LifecycleMappingFactory - Using org.eclipse.m2e.jdt.JarLifecycleMapping lifecycle mapping for MavenProject: com.tonsr:wxpt-website:0.0.1-SNAPSHOT @ /home/tonsr/gitworkspace/wxpt-app/wxpt-website/pom.xml.
2018-10-22 13:37:16,474 [Worker-1] WARN  o.e.m.c.i.embedder.EclipseLogger - Using platform encoding (UTF-8 actually) to copy filtered resources, i.e. build is platform dependent!
2018-10-22 13:37:16,475 [Worker-1] INFO  o.e.m.c.i.embedder.EclipseLogger - skip non existing resourceDirectory /home/tonsr/gitworkspace/wxpt-app/wxpt-website/src/main/resources
2018-10-22 13:37:16,477 [Worker-1] WARN  o.e.m.c.i.embedder.EclipseLogger - Using platform encoding (UTF-8 actually) to copy filtered resources, i.e. build is platform dependent!
2018-10-22 13:37:16,477 [Worker-1] INFO  o.e.m.c.i.embedder.EclipseLogger - skip non existing resourceDirectory /home/tonsr/gitworkspace/wxpt-app/wxpt-website/src/test/resources
2018-10-22 13:37:16,917 [Worker-4] INFO  o.e.m.c.i.l.LifecycleMappingFactory - Using NULL lifecycle mapping for MavenProject: com.tonsr:wxpt-app:0.0.1-SNAPSHOT @ /home/tonsr/gitworkspace/wxpt-app/pom.xml.
2018-10-22 13:37:16,927 [Worker-4] INFO  o.e.m.c.i.l.LifecycleMappingFactory - Using org.eclipse.m2e.jdt.JarLifecycleMapping lifecycle mapping for MavenProject: com.tonsr:wxpt-config:0.0.1-SNAPSHOT @ /home/tonsr/gitworkspace/wxpt-app/wxpt-config/pom.xml.
2018-10-22 13:37:16,939 [Worker-4] INFO  o.e.m.c.i.l.LifecycleMappingFactory - Using org.eclipse.m2e.jdt.JarLifecycleMapping lifecycle mapping for MavenProject: com.tonsr:wxpt-controller:0.0.1-SNAPSHOT @ /home/tonsr/gitworkspace/wxpt-app/wxpt-controller/pom.xml.
2018-10-22 13:37:16,953 [Worker-4] INFO  o.e.m.c.i.l.LifecycleMappingFactory - Using org.eclipse.m2e.jdt.JarLifecycleMapping lifecycle mapping for MavenProject: com.tonsr:wxpt-model:0.0.1-SNAPSHOT @ /home/tonsr/gitworkspace/wxpt-app/wxpt-model/pom.xml.
2018-10-22 13:37:16,975 [Worker-4] INFO  o.e.m.c.i.l.LifecycleMappingFactory - Using org.eclipse.m2e.jdt.JarLifecycleMapping lifecycle mapping for MavenProject: com.tonsr:wxpt-service:0.0.1-SNAPSHOT @ /home/tonsr/gitworkspace/wxpt-app/wxpt-service/pom.xml.
2018-10-22 13:37:17,162 [Worker-4] INFO  o.e.m.c.i.l.LifecycleMappingFactory - Using org.eclipse.m2e.jdt.JarLifecycleMapping lifecycle mapping for MavenProject: com.tonsr:wxpt-website:0.0.1-SNAPSHOT @ /home/tonsr/gitworkspace/wxpt-app/wxpt-website/pom.xml.
2018-10-22 13:37:17,183 [Worker-4] INFO  o.e.m.c.i.l.LifecycleMappingFactory - Using org.eclipse.m2e.jdt.JarLifecycleMapping lifecycle mapping for MavenProject: com.tonsr:wxpt-config:0.0.1-SNAPSHOT @ /home/tonsr/gitworkspace/wxpt-app/wxpt-config/pom.xml.
2018-10-22 13:37:17,236 [Worker-4] INFO  o.e.m.c.i.l.LifecycleMappingFactory - Using org.eclipse.m2e.jdt.JarLifecycleMapping lifecycle mapping for MavenProject: com.tonsr:wxpt-controller:0.0.1-SNAPSHOT @ /home/tonsr/gitworkspace/wxpt-app/wxpt-controller/pom.xml.
2018-10-22 13:37:17,257 [Worker-4] INFO  o.e.m.c.i.l.LifecycleMappingFactory - Using org.eclipse.m2e.jdt.JarLifecycleMapping lifecycle mapping for MavenProject: com.tonsr:wxpt-model:0.0.1-SNAPSHOT @ /home/tonsr/gitworkspace/wxpt-app/wxpt-model/pom.xml.
2018-10-22 13:37:17,280 [Worker-4] INFO  o.e.m.c.i.l.LifecycleMappingFactory - Using org.eclipse.m2e.jdt.JarLifecycleMapping lifecycle mapping for MavenProject: com.tonsr:wxpt-service:0.0.1-SNAPSHOT @ /home/tonsr/gitworkspace/wxpt-app/wxpt-service/pom.xml.
2018-10-22 13:37:17,395 [Worker-4] INFO  o.e.m.c.i.l.LifecycleMappingFactory - Using org.eclipse.m2e.jdt.JarLifecycleMapping lifecycle mapping for MavenProject: com.tonsr:wxpt-website:0.0.1-SNAPSHOT @ /home/tonsr/gitworkspace/wxpt-app/wxpt-website/pom.xml.
2018-10-22 13:37:17,705 [Worker-4] WARN  o.e.m.c.i.embedder.EclipseLogger - Using platform encoding (UTF-8 actually) to copy filtered resources, i.e. build is platform dependent!
2018-10-22 13:37:17,708 [Worker-4] INFO  o.e.m.c.i.embedder.EclipseLogger - Copying 0 resource
2018-10-22 13:37:17,709 [Worker-4] WARN  o.e.m.c.i.embedder.EclipseLogger - Using platform encoding (UTF-8 actually) to copy filtered resources, i.e. build is platform dependent!
2018-10-22 13:37:17,710 [Worker-4] INFO  o.e.m.c.i.embedder.EclipseLogger - skip non existing resourceDirectory /home/tonsr/gitworkspace/wxpt-app/wxpt-config/src/test/resources
2018-10-22 13:37:17,716 [Worker-4] INFO  o.e.m.c.i.embedder.EclipseLogger - Using 'UTF-8' encoding to copy filtered resources.
2018-10-22 13:37:17,716 [Worker-4] INFO  o.e.m.c.i.embedder.EclipseLogger - skip non existing resourceDirectory /home/tonsr/gitworkspace/wxpt-app/wxpt-controller/src/main/resources
2018-10-22 13:37:17,717 [Worker-4] INFO  o.e.m.c.i.embedder.EclipseLogger - Using 'UTF-8' encoding to copy filtered resources.
2018-10-22 13:37:17,717 [Worker-4] INFO  o.e.m.c.i.embedder.EclipseLogger - skip non existing resourceDirectory /home/tonsr/gitworkspace/wxpt-app/wxpt-controller/src/test/resources
2018-10-22 13:37:17,724 [Worker-4] WARN  o.e.m.c.i.embedder.EclipseLogger - Using platform encoding (UTF-8 actually) to copy filtered resources, i.e. build is platform dependent!
2018-10-22 13:37:17,724 [Worker-4] INFO  o.e.m.c.i.embedder.EclipseLogger - skip non existing resourceDirectory /home/tonsr/gitworkspace/wxpt-app/wxpt-model/src/main/resources
2018-10-22 13:37:17,725 [Worker-4] WARN  o.e.m.c.i.embedder.EclipseLogger - Using platform encoding (UTF-8 actually) to copy filtered resources, i.e. build is platform dependent!
2018-10-22 13:37:17,725 [Worker-4] INFO  o.e.m.c.i.embedder.EclipseLogger - skip non existing resourceDirectory /home/tonsr/gitworkspace/wxpt-app/wxpt-model/src/test/resources
2018-10-22 13:37:17,732 [Worker-4] WARN  o.e.m.c.i.embedder.EclipseLogger - Using platform encoding (UTF-8 actually) to copy filtered resources, i.e. build is platform dependent!
2018-10-22 13:37:17,733 [Worker-4] INFO  o.e.m.c.i.embedder.EclipseLogger - Copying 0 resource
2018-10-22 13:37:17,734 [Worker-4] WARN  o.e.m.c.i.embedder.EclipseLogger - Using platform encoding (UTF-8 actually) to copy filtered resources, i.e. build is platform dependent!
2018-10-22 13:37:17,734 [Worker-4] INFO  o.e.m.c.i.embedder.EclipseLogger - skip non existing resourceDirectory /home/tonsr/gitworkspace/wxpt-app/wxpt-service/src/test/resources
2018-10-22 13:37:17,740 [Worker-4] WARN  o.e.m.c.i.embedder.EclipseLogger - Using platform encoding (UTF-8 actually) to copy filtered resources, i.e. build is platform dependent!
2018-10-22 13:37:17,740 [Worker-4] INFO  o.e.m.c.i.embedder.EclipseLogger - skip non existing resourceDirectory /home/tonsr/gitworkspace/wxpt-app/wxpt-website/src/main/resources
2018-10-22 13:37:17,742 [Worker-4] WARN  o.e.m.c.i.embedder.EclipseLogger - Using platform encoding (UTF-8 actually) to copy filtered resources, i.e. build is platform dependent!
2018-10-22 13:37:17,742 [Worker-4] INFO  o.e.m.c.i.embedder.EclipseLogger - skip non existing resourceDirectory /home/tonsr/gitworkspace/wxpt-app/wxpt-website/src/test/resources
2018-10-22 13:37:34,871 [Worker-5] INFO  o.e.m.c.i.l.LifecycleMappingFactory - Using NULL lifecycle mapping for MavenProject: com.demo:comm-stage:0.0.1-SNAPSHOT @ /home/tonsr/gitworkspace/comm-stage/pom.xml.
2018-10-22 13:37:34,880 [Worker-5] INFO  o.e.m.c.i.l.LifecycleMappingFactory - Using org.eclipse.m2e.jdt.JarLifecycleMapping lifecycle mapping for MavenProject: com.demo:comm-db:0.0.1-SNAPSHOT @ /home/tonsr/gitworkspace/comm-stage/comm-db/pom.xml.
2018-10-22 13:37:34,942 [Worker-5] INFO  o.e.m.c.i.l.LifecycleMappingFactory - Using org.eclipse.m2e.jdt.JarLifecycleMapping lifecycle mapping for MavenProject: com.demo:comm-plugin:0.0.1-SNAPSHOT @ /home/tonsr/gitworkspace/comm-stage/comm-plugin/pom.xml.
2018-10-22 13:37:34,950 [Worker-5] INFO  o.e.m.c.i.l.LifecycleMappingFactory - Using org.eclipse.m2e.jdt.JarLifecycleMapping lifecycle mapping for MavenProject: com.tonsr:wxpt-service:0.0.1-SNAPSHOT @ /home/tonsr/gitworkspace/wxpt-app/wxpt-service/pom.xml.
2018-10-22 13:37:35,142 [Worker-5] INFO  o.e.m.j.i.AbstractJavaProjectConfigurator - Adding source folder /comm-plugin/src/main/java
2018-10-22 13:37:35,142 [Worker-5] INFO  o.e.m.j.i.AbstractJavaProjectConfigurator - Adding resource folder /comm-plugin/src/main/resources
2018-10-22 13:37:35,143 [Worker-5] INFO  o.e.m.j.i.AbstractJavaProjectConfigurator - Adding source folder /comm-plugin/src/test/java
2018-10-22 13:37:35,168 [Worker-5] INFO  o.e.m.j.i.AbstractJavaProjectConfigurator - Adding source folder /comm-db/src/main/java
2018-10-22 13:37:35,168 [Worker-5] INFO  o.e.m.j.i.AbstractJavaProjectConfigurator - Adding resource folder /comm-db/src/main/resources
2018-10-22 13:37:35,168 [Worker-5] INFO  o.e.m.j.i.AbstractJavaProjectConfigurator - Adding source folder /comm-db/src/test/java
2018-10-22 13:37:35,196 [Worker-5] INFO  o.e.m.c.i.p.ProjectConfigurationManager - Project import completed 0 sec
2018-10-22 13:37:35,244 [Worker-1] INFO  o.e.m.c.i.p.ProjectConfigurationManager - Update started
2018-10-22 13:37:35,245 [Worker-1] INFO  o.e.m.c.i.p.ProjectConfigurationManager - Update completed: 0 sec
2018-10-22 13:37:35,463 [Worker-2] INFO  o.e.m.c.i.l.LifecycleMappingFactory - Using org.eclipse.m2e.jdt.JarLifecycleMapping lifecycle mapping for MavenProject: com.demo:comm-plugin:0.0.1-SNAPSHOT @ /home/tonsr/gitworkspace/comm-stage/comm-plugin/pom.xml.
2018-10-22 13:37:35,495 [Worker-2] WARN  o.e.m.c.i.embedder.EclipseLogger - Using platform encoding (UTF-8 actually) to copy filtered resources, i.e. build is platform dependent!
2018-10-22 13:37:35,496 [Worker-2] INFO  o.e.m.c.i.embedder.EclipseLogger - Copying 1 resource
2018-10-22 13:37:35,497 [Worker-2] WARN  o.e.m.c.i.embedder.EclipseLogger - Using platform encoding (UTF-8 actually) to copy filtered resources, i.e. build is platform dependent!
2018-10-22 13:37:35,498 [Worker-2] INFO  o.e.m.c.i.embedder.EclipseLogger - skip non existing resourceDirectory /home/tonsr/gitworkspace/comm-stage/comm-plugin/src/test/resources
2018-10-22 13:37:35,628 [Worker-2] INFO  o.e.m.c.i.l.LifecycleMappingFactory - Using org.eclipse.m2e.jdt.JarLifecycleMapping lifecycle mapping for MavenProject: com.demo:comm-db:0.0.1-SNAPSHOT @ /home/tonsr/gitworkspace/comm-stage/comm-db/pom.xml.
2018-10-22 13:37:35,712 [Worker-2] WARN  o.e.m.c.i.embedder.EclipseLogger - Using platform encoding (UTF-8 actually) to copy filtered resources, i.e. build is platform dependent!
2018-10-22 13:37:35,712 [Worker-2] INFO  o.e.m.c.i.embedder.EclipseLogger - Copying 1 resource
2018-10-22 13:37:35,714 [Worker-2] WARN  o.e.m.c.i.embedder.EclipseLogger - Using platform encoding (UTF-8 actually) to copy filtered resources, i.e. build is platform dependent!
2018-10-22 13:37:35,715 [Worker-2] INFO  o.e.m.c.i.embedder.EclipseLogger - skip non existing resourceDirectory /home/tonsr/gitworkspace/comm-stage/comm-db/src/test/resources
2018-10-22 13:37:35,779 [Worker-2] WARN  o.e.m.c.i.embedder.EclipseLogger - Using platform encoding (UTF-8 actually) to copy filtered resources, i.e. build is platform dependent!
2018-10-22 13:37:35,782 [Worker-2] INFO  o.e.m.c.i.embedder.EclipseLogger - Copying 2 resources
2018-10-22 13:37:35,784 [Worker-2] WARN  o.e.m.c.i.embedder.EclipseLogger - Using platform encoding (UTF-8 actually) to copy filtered resources, i.e. build is platform dependent!
2018-10-22 13:37:35,784 [Worker-2] INFO  o.e.m.c.i.embedder.EclipseLogger - skip non existing resourceDirectory /home/tonsr/gitworkspace/wxpt-app/wxpt-service/src/test/resources
2018-10-22 13:37:36,259 [Worker-2] INFO  o.e.m.c.i.l.LifecycleMappingFactory - Using org.eclipse.m2e.jdt.JarLifecycleMapping lifecycle mapping for MavenProject: com.demo:comm-db:0.0.1-SNAPSHOT @ /home/tonsr/gitworkspace/comm-stage/comm-db/pom.xml.
2018-10-22 13:37:36,312 [Worker-2] INFO  o.e.m.c.i.l.LifecycleMappingFactory - Using org.eclipse.m2e.jdt.JarLifecycleMapping lifecycle mapping for MavenProject: com.demo:comm-plugin:0.0.1-SNAPSHOT @ /home/tonsr/gitworkspace/comm-stage/comm-plugin/pom.xml.
2018-10-22 13:37:36,342 [Worker-2] INFO  o.e.m.c.i.l.LifecycleMappingFactory - Using NULL lifecycle mapping for MavenProject: com.demo:comm-stage:0.0.1-SNAPSHOT @ /home/tonsr/gitworkspace/comm-stage/pom.xml.
2018-10-22 13:37:36,351 [Worker-2] INFO  o.e.m.c.i.l.LifecycleMappingFactory - Using org.eclipse.m2e.jdt.JarLifecycleMapping lifecycle mapping for MavenProject: com.demo:comm-db:0.0.1-SNAPSHOT @ /home/tonsr/gitworkspace/comm-stage/comm-db/pom.xml.
2018-10-22 13:37:36,398 [Worker-2] INFO  o.e.m.c.i.l.LifecycleMappingFactory - Using org.eclipse.m2e.jdt.JarLifecycleMapping lifecycle mapping for MavenProject: com.demo:comm-plugin:0.0.1-SNAPSHOT @ /home/tonsr/gitworkspace/comm-stage/comm-plugin/pom.xml.
2018-10-22 13:37:36,819 [Worker-1] WARN  o.e.m.c.i.embedder.EclipseLogger - Using platform encoding (UTF-8 actually) to copy filtered resources, i.e. build is platform dependent!
2018-10-22 13:37:36,820 [Worker-1] INFO  o.e.m.c.i.embedder.EclipseLogger - Copying 0 resource
2018-10-22 13:37:36,821 [Worker-1] WARN  o.e.m.c.i.embedder.EclipseLogger - Using platform encoding (UTF-8 actually) to copy filtered resources, i.e. build is platform dependent!
2018-10-22 13:37:36,821 [Worker-1] INFO  o.e.m.c.i.embedder.EclipseLogger - skip non existing resourceDirectory /home/tonsr/gitworkspace/comm-stage/comm-plugin/src/test/resources
2018-10-22 13:37:36,826 [Worker-1] WARN  o.e.m.c.i.embedder.EclipseLogger - Using platform encoding (UTF-8 actually) to copy filtered resources, i.e. build is platform dependent!
2018-10-22 13:37:36,827 [Worker-1] INFO  o.e.m.c.i.embedder.EclipseLogger - Copying 0 resource
2018-10-22 13:37:36,828 [Worker-1] WARN  o.e.m.c.i.embedder.EclipseLogger - Using platform encoding (UTF-8 actually) to copy filtered resources, i.e. build is platform dependent!
2018-10-22 13:37:36,828 [Worker-1] INFO  o.e.m.c.i.embedder.EclipseLogger - skip non existing resourceDirectory /home/tonsr/gitworkspace/comm-stage/comm-db/src/test/resources
2018-10-22 13:37:59,817 [Worker-0] WARN  o.e.m.c.i.embedder.EclipseLogger - Using platform encoding (UTF-8 actually) to copy filtered resources, i.e. build is platform dependent!
2018-10-22 13:37:59,818 [Worker-0] INFO  o.e.m.c.i.embedder.EclipseLogger - Copying 0 resource
2018-10-22 13:37:59,819 [Worker-0] WARN  o.e.m.c.i.embedder.EclipseLogger - Using platform encoding (UTF-8 actually) to copy filtered resources, i.e. build is platform dependent!
2018-10-22 13:37:59,819 [Worker-0] INFO  o.e.m.c.i.embedder.EclipseLogger - skip non existing resourceDirectory /home/tonsr/gitworkspace/comm-stage/comm-plugin/src/test/resources
2018-10-22 13:37:59,824 [Worker-0] WARN  o.e.m.c.i.embedder.EclipseLogger - Using platform encoding (UTF-8 actually) to copy filtered resources, i.e. build is platform dependent!
2018-10-22 13:37:59,824 [Worker-0] INFO  o.e.m.c.i.embedder.EclipseLogger - Copying 0 resource
2018-10-22 13:37:59,825 [Worker-0] WARN  o.e.m.c.i.embedder.EclipseLogger - Using platform encoding (UTF-8 actually) to copy filtered resources, i.e. build is platform dependent!
2018-10-22 13:37:59,825 [Worker-0] INFO  o.e.m.c.i.embedder.EclipseLogger - skip non existing resourceDirectory /home/tonsr/gitworkspace/comm-stage/comm-db/src/test/resources
2018-10-22 13:37:59,834 [Worker-0] WARN  o.e.m.c.i.embedder.EclipseLogger - Using platform encoding (UTF-8 actually) to copy filtered resources, i.e. build is platform dependent!
2018-10-22 13:37:59,834 [Worker-0] INFO  o.e.m.c.i.embedder.EclipseLogger - Copying 0 resource
2018-10-22 13:37:59,837 [Worker-0] WARN  o.e.m.c.i.embedder.EclipseLogger - Using platform encoding (UTF-8 actually) to copy filtered resources, i.e. build is platform dependent!
2018-10-22 13:37:59,837 [Worker-0] INFO  o.e.m.c.i.embedder.EclipseLogger - skip non existing resourceDirectory /home/tonsr/gitworkspace/wxpt-app/wxpt-config/src/test/resources
2018-10-22 13:37:59,844 [Worker-0] INFO  o.e.m.c.i.embedder.EclipseLogger - Using 'UTF-8' encoding to copy filtered resources.
2018-10-22 13:37:59,844 [Worker-0] INFO  o.e.m.c.i.embedder.EclipseLogger - skip non existing resourceDirectory /home/tonsr/gitworkspace/wxpt-app/wxpt-controller/src/main/resources
2018-10-22 13:37:59,846 [Worker-0] INFO  o.e.m.c.i.embedder.EclipseLogger - Using 'UTF-8' encoding to copy filtered resources.
2018-10-22 13:37:59,846 [Worker-0] INFO  o.e.m.c.i.embedder.EclipseLogger - skip non existing resourceDirectory /home/tonsr/gitworkspace/wxpt-app/wxpt-controller/src/test/resources
2018-10-22 13:37:59,852 [Worker-0] WARN  o.e.m.c.i.embedder.EclipseLogger - Using platform encoding (UTF-8 actually) to copy filtered resources, i.e. build is platform dependent!
2018-10-22 13:37:59,853 [Worker-0] INFO  o.e.m.c.i.embedder.EclipseLogger - skip non existing resourceDirectory /home/tonsr/gitworkspace/wxpt-app/wxpt-model/src/main/resources
2018-10-22 13:37:59,854 [Worker-0] WARN  o.e.m.c.i.embedder.EclipseLogger - Using platform encoding (UTF-8 actually) to copy filtered resources, i.e. build is platform dependent!
2018-10-22 13:37:59,855 [Worker-0] INFO  o.e.m.c.i.embedder.EclipseLogger - skip non existing resourceDirectory /home/tonsr/gitworkspace/wxpt-app/wxpt-model/src/test/resources
2018-10-22 13:37:59,863 [Worker-0] WARN  o.e.m.c.i.embedder.EclipseLogger - Using platform encoding (UTF-8 actually) to copy filtered resources, i.e. build is platform dependent!
2018-10-22 13:37:59,863 [Worker-0] INFO  o.e.m.c.i.embedder.EclipseLogger - Copying 0 resource
2018-10-22 13:37:59,864 [Worker-0] WARN  o.e.m.c.i.embedder.EclipseLogger - Using platform encoding (UTF-8 actually) to copy filtered resources, i.e. build is platform dependent!
2018-10-22 13:37:59,865 [Worker-0] INFO  o.e.m.c.i.embedder.EclipseLogger - skip non existing resourceDirectory /home/tonsr/gitworkspace/wxpt-app/wxpt-service/src/test/resources
2018-10-22 13:37:59,871 [Worker-0] WARN  o.e.m.c.i.embedder.EclipseLogger - Using platform encoding (UTF-8 actually) to copy filtered resources, i.e. build is platform dependent!
2018-10-22 13:37:59,872 [Worker-0] INFO  o.e.m.c.i.embedder.EclipseLogger - skip non existing resourceDirectory /home/tonsr/gitworkspace/wxpt-app/wxpt-website/src/main/resources
2018-10-22 13:37:59,873 [Worker-0] WARN  o.e.m.c.i.embedder.EclipseLogger - Using platform encoding (UTF-8 actually) to copy filtered resources, i.e. build is platform dependent!
2018-10-22 13:37:59,873 [Worker-0] INFO  o.e.m.c.i.embedder.EclipseLogger - skip non existing resourceDirectory /home/tonsr/gitworkspace/wxpt-app/wxpt-website/src/test/resources
2018-10-22 13:38:28,490 [Worker-5] INFO  o.e.m.c.i.l.LifecycleMappingFactory - Using org.eclipse.m2e.jdt.JarLifecycleMapping lifecycle mapping for MavenProject: com.tonsr:wxpt-service:0.0.1-SNAPSHOT @ /home/tonsr/gitworkspace/wxpt-app/wxpt-service/pom.xml.
2018-10-22 13:38:28,734 [Worker-5] WARN  o.e.m.c.i.embedder.EclipseLogger - Using platform encoding (UTF-8 actually) to copy filtered resources, i.e. build is platform dependent!
2018-10-22 13:38:28,735 [Worker-5] INFO  o.e.m.c.i.embedder.EclipseLogger - Copying 2 resources
2018-10-22 13:38:28,737 [Worker-5] WARN  o.e.m.c.i.embedder.EclipseLogger - Using platform encoding (UTF-8 actually) to copy filtered resources, i.e. build is platform dependent!
2018-10-22 13:38:28,737 [Worker-5] INFO  o.e.m.c.i.embedder.EclipseLogger - skip non existing resourceDirectory /home/tonsr/gitworkspace/wxpt-app/wxpt-service/src/test/resources
2018-10-22 13:39:08,826 [Worker-2] WARN  o.e.m.c.i.embedder.EclipseLogger - Using platform encoding (UTF-8 actually) to copy filtered resources, i.e. build is platform dependent!
2018-10-22 13:39:08,826 [Worker-2] INFO  o.e.m.c.i.embedder.EclipseLogger - Copying 0 resource
2018-10-22 13:39:08,828 [Worker-2] WARN  o.e.m.c.i.embedder.EclipseLogger - Using platform encoding (UTF-8 actually) to copy filtered resources, i.e. build is platform dependent!
2018-10-22 13:39:08,828 [Worker-2] INFO  o.e.m.c.i.embedder.EclipseLogger - skip non existing resourceDirectory /home/tonsr/gitworkspace/wxpt-app/wxpt-service/src/test/resources
2018-10-22 13:39:20,483 [Worker-2] WARN  o.e.m.c.i.embedder.EclipseLogger - Using platform encoding (UTF-8 actually) to copy filtered resources, i.e. build is platform dependent!
2018-10-22 13:39:20,484 [Worker-2] INFO  o.e.m.c.i.embedder.EclipseLogger - Copying 6 resources
2018-10-22 13:39:20,485 [Worker-2] WARN  o.e.m.c.i.embedder.EclipseLogger - Using platform encoding (UTF-8 actually) to copy filtered resources, i.e. build is platform dependent!
2018-10-22 13:39:20,486 [Worker-2] INFO  o.e.m.c.i.embedder.EclipseLogger - skip non existing resourceDirectory /home/tonsr/gitworkspace/wxpt-app/wxpt-config/src/test/resources
2018-10-22 13:39:20,491 [Worker-2] WARN  o.e.m.c.i.embedder.EclipseLogger - Using platform encoding (UTF-8 actually) to copy filtered resources, i.e. build is platform dependent!
2018-10-22 13:39:20,492 [Worker-2] INFO  o.e.m.c.i.embedder.EclipseLogger - Copying 2 resources
2018-10-22 13:39:20,493 [Worker-2] WARN  o.e.m.c.i.embedder.EclipseLogger - Using platform encoding (UTF-8 actually) to copy filtered resources, i.e. build is platform dependent!
2018-10-22 13:39:20,493 [Worker-2] INFO  o.e.m.c.i.embedder.EclipseLogger - skip non existing resourceDirectory /home/tonsr/gitworkspace/wxpt-app/wxpt-service/src/test/resources
2018-10-22 13:39:50,302 [Worker-3] INFO  o.e.m.c.i.l.LifecycleMappingFactory - Using org.eclipse.m2e.jdt.JarLifecycleMapping lifecycle mapping for MavenProject: com.tonsr:wxpt-model:0.0.1-SNAPSHOT @ /home/tonsr/gitworkspace/wxpt-app/wxpt-model/pom.xml.
2018-10-22 13:39:50,340 [Worker-3] WARN  o.e.m.c.i.embedder.EclipseLogger - Using platform encoding (UTF-8 actually) to copy filtered resources, i.e. build is platform dependent!
2018-10-22 13:39:50,341 [Worker-3] INFO  o.e.m.c.i.embedder.EclipseLogger - skip non existing resourceDirectory /home/tonsr/gitworkspace/wxpt-app/wxpt-model/src/main/resources
2018-10-22 13:39:50,341 [Worker-3] WARN  o.e.m.c.i.embedder.EclipseLogger - Using platform encoding (UTF-8 actually) to copy filtered resources, i.e. build is platform dependent!
2018-10-22 13:39:50,342 [Worker-3] INFO  o.e.m.c.i.embedder.EclipseLogger - skip non existing resourceDirectory /home/tonsr/gitworkspace/wxpt-app/wxpt-model/src/test/resources
2018-10-22 13:39:50,407 [Worker-3] WARN  o.e.m.c.i.embedder.EclipseLogger - Using platform encoding (UTF-8 actually) to copy filtered resources, i.e. build is platform dependent!
2018-10-22 13:39:50,408 [Worker-3] INFO  o.e.m.c.i.embedder.EclipseLogger - Copying 2 resources
2018-10-22 13:39:50,409 [Worker-3] WARN  o.e.m.c.i.embedder.EclipseLogger - Using platform encoding (UTF-8 actually) to copy filtered resources, i.e. build is platform dependent!
2018-10-22 13:39:50,409 [Worker-3] INFO  o.e.m.c.i.embedder.EclipseLogger - skip non existing resourceDirectory /home/tonsr/gitworkspace/wxpt-app/wxpt-service/src/test/resources
2018-10-22 13:40:06,682 [Worker-0] INFO  o.e.m.c.i.l.LifecycleMappingFactory - Using org.eclipse.m2e.jdt.JarLifecycleMapping lifecycle mapping for MavenProject: com.tonsr:wxpt-model:0.0.1-SNAPSHOT @ /home/tonsr/gitworkspace/wxpt-app/wxpt-model/pom.xml.
2018-10-22 13:40:06,710 [Worker-0] WARN  o.e.m.c.i.embedder.EclipseLogger - Using platform encoding (UTF-8 actually) to copy filtered resources, i.e. build is platform dependent!
2018-10-22 13:40:06,711 [Worker-0] INFO  o.e.m.c.i.embedder.EclipseLogger - skip non existing resourceDirectory /home/tonsr/gitworkspace/wxpt-app/wxpt-model/src/main/resources
2018-10-22 13:40:06,711 [Worker-0] WARN  o.e.m.c.i.embedder.EclipseLogger - Using platform encoding (UTF-8 actually) to copy filtered resources, i.e. build is platform dependent!
2018-10-22 13:40:06,712 [Worker-0] INFO  o.e.m.c.i.embedder.EclipseLogger - skip non existing resourceDirectory /home/tonsr/gitworkspace/wxpt-app/wxpt-model/src/test/resources
2018-10-22 13:40:06,759 [Worker-0] WARN  o.e.m.c.i.embedder.EclipseLogger - Using platform encoding (UTF-8 actually) to copy filtered resources, i.e. build is platform dependent!
2018-10-22 13:40:06,760 [Worker-0] INFO  o.e.m.c.i.embedder.EclipseLogger - Copying 2 resources
2018-10-22 13:40:06,762 [Worker-0] WARN  o.e.m.c.i.embedder.EclipseLogger - Using platform encoding (UTF-8 actually) to copy filtered resources, i.e. build is platform dependent!
2018-10-22 13:40:06,762 [Worker-0] INFO  o.e.m.c.i.embedder.EclipseLogger - skip non existing resourceDirectory /home/tonsr/gitworkspace/wxpt-app/wxpt-service/src/test/resources
2018-10-22 13:40:16,181 [Worker-6] WARN  o.e.m.c.i.embedder.EclipseLogger - Using platform encoding (UTF-8 actually) to copy filtered resources, i.e. build is platform dependent!
2018-10-22 13:40:16,181 [Worker-6] INFO  o.e.m.c.i.embedder.EclipseLogger - skip non existing resourceDirectory /home/tonsr/gitworkspace/wxpt-app/wxpt-model/src/main/resources
2018-10-22 13:40:16,182 [Worker-6] WARN  o.e.m.c.i.embedder.EclipseLogger - Using platform encoding (UTF-8 actually) to copy filtered resources, i.e. build is platform dependent!
2018-10-22 13:40:16,183 [Worker-6] INFO  o.e.m.c.i.embedder.EclipseLogger - skip non existing resourceDirectory /home/tonsr/gitworkspace/wxpt-app/wxpt-model/src/test/resources
2018-10-22 13:40:40,351 [Worker-6] INFO  o.e.m.c.i.l.LifecycleMappingFactory - Using org.eclipse.m2e.jdt.JarLifecycleMapping lifecycle mapping for MavenProject: com.tonsr:wxpt-website:0.0.1-SNAPSHOT @ /home/tonsr/gitworkspace/wxpt-app/wxpt-website/pom.xml.
2018-10-22 13:40:40,391 [Worker-6] WARN  o.e.m.c.i.embedder.EclipseLogger - Using platform encoding (UTF-8 actually) to copy filtered resources, i.e. build is platform dependent!
2018-10-22 13:40:40,391 [Worker-6] INFO  o.e.m.c.i.embedder.EclipseLogger - skip non existing resourceDirectory /home/tonsr/gitworkspace/wxpt-app/wxpt-website/src/main/resources
2018-10-22 13:40:40,392 [Worker-6] WARN  o.e.m.c.i.embedder.EclipseLogger - Using platform encoding (UTF-8 actually) to copy filtered resources, i.e. build is platform dependent!
2018-10-22 13:40:40,392 [Worker-6] INFO  o.e.m.c.i.embedder.EclipseLogger - skip non existing resourceDirectory /home/tonsr/gitworkspace/wxpt-app/wxpt-website/src/test/resources
2018-10-22 13:41:06,548 [Worker-3] WARN  o.e.m.c.i.embedder.EclipseLogger - Using platform encoding (UTF-8 actually) to copy filtered resources, i.e. build is platform dependent!
2018-10-22 13:41:06,549 [Worker-3] INFO  o.e.m.c.i.embedder.EclipseLogger - skip non existing resourceDirectory /home/tonsr/gitworkspace/wxpt-app/wxpt-website/src/main/resources
2018-10-22 13:41:06,550 [Worker-3] WARN  o.e.m.c.i.embedder.EclipseLogger - Using platform encoding (UTF-8 actually) to copy filtered resources, i.e. build is platform dependent!
2018-10-22 13:41:06,550 [Worker-3] INFO  o.e.m.c.i.embedder.EclipseLogger - skip non existing resourceDirectory /home/tonsr/gitworkspace/wxpt-app/wxpt-website/src/test/resources
2018-10-22 13:41:35,713 [Worker-5] WARN  o.e.m.c.i.embedder.EclipseLogger - Using platform encoding (UTF-8 actually) to copy filtered resources, i.e. build is platform dependent!
2018-10-22 13:41:35,714 [Worker-5] INFO  o.e.m.c.i.embedder.EclipseLogger - skip non existing resourceDirectory /home/tonsr/gitworkspace/wxpt-app/wxpt-website/src/main/resources
2018-10-22 13:41:35,715 [Worker-5] WARN  o.e.m.c.i.embedder.EclipseLogger - Using platform encoding (UTF-8 actually) to copy filtered resources, i.e. build is platform dependent!
2018-10-22 13:41:35,716 [Worker-5] INFO  o.e.m.c.i.embedder.EclipseLogger - skip non existing resourceDirectory /home/tonsr/gitworkspace/wxpt-app/wxpt-website/src/test/resources
2018-10-22 13:42:24,153 [Worker-2] INFO  o.e.m.c.i.l.LifecycleMappingFactory - Using org.eclipse.m2e.jdt.JarLifecycleMapping lifecycle mapping for MavenProject: com.tonsr:wxpt-website:0.0.1-SNAPSHOT @ /home/tonsr/gitworkspace/wxpt-app/wxpt-website/pom.xml.
2018-10-22 13:42:24,187 [Worker-2] WARN  o.e.m.c.i.embedder.EclipseLogger - Using platform encoding (UTF-8 actually) to copy filtered resources, i.e. build is platform dependent!
2018-10-22 13:42:24,188 [Worker-2] INFO  o.e.m.c.i.embedder.EclipseLogger - skip non existing resourceDirectory /home/tonsr/gitworkspace/wxpt-app/wxpt-website/src/main/resources
2018-10-22 13:42:24,190 [Worker-2] WARN  o.e.m.c.i.embedder.EclipseLogger - Using platform encoding (UTF-8 actually) to copy filtered resources, i.e. build is platform dependent!
2018-10-22 13:42:24,190 [Worker-2] INFO  o.e.m.c.i.embedder.EclipseLogger - skip non existing resourceDirectory /home/tonsr/gitworkspace/wxpt-app/wxpt-website/src/test/resources
2018-10-22 13:42:25,409 [Worker-4] WARN  o.e.m.c.i.embedder.EclipseLogger - Using platform encoding (UTF-8 actually) to copy filtered resources, i.e. build is platform dependent!
2018-10-22 13:42:25,409 [Worker-4] INFO  o.e.m.c.i.embedder.EclipseLogger - skip non existing resourceDirectory /home/tonsr/gitworkspace/wxpt-app/wxpt-website/src/main/resources
2018-10-22 13:42:25,410 [Worker-4] WARN  o.e.m.c.i.embedder.EclipseLogger - Using platform encoding (UTF-8 actually) to copy filtered resources, i.e. build is platform dependent!
2018-10-22 13:42:25,410 [Worker-4] INFO  o.e.m.c.i.embedder.EclipseLogger - skip non existing resourceDirectory /home/tonsr/gitworkspace/wxpt-app/wxpt-website/src/test/resources
2018-10-22 13:42:34,074 [Worker-6] INFO  o.e.m.i.launch.MavenLaunchDelegate - /home/tonsr/gitworkspace/wxpt-app/wxpt-website
2018-10-22 13:42:34,075 [Worker-6] INFO  o.e.m.i.launch.MavenLaunchDelegate -  mvn  -B -s /home/tonsr/.m2/settings.xml install
2018-10-22 13:42:36,954 [Worker-3] WARN  o.e.m.c.i.embedder.EclipseLogger - Using platform encoding (UTF-8 actually) to copy filtered resources, i.e. build is platform dependent!
2018-10-22 13:42:36,955 [Worker-3] INFO  o.e.m.c.i.embedder.EclipseLogger - skip non existing resourceDirectory /home/tonsr/gitworkspace/wxpt-app/wxpt-website/src/main/resources
2018-10-22 13:42:36,956 [Worker-3] WARN  o.e.m.c.i.embedder.EclipseLogger - Using platform encoding (UTF-8 actually) to copy filtered resources, i.e. build is platform dependent!
2018-10-22 13:42:36,957 [Worker-3] INFO  o.e.m.c.i.embedder.EclipseLogger - skip non existing resourceDirectory /home/tonsr/gitworkspace/wxpt-app/wxpt-website/src/test/resources
2018-10-22 13:43:12,753 [Worker-6] WARN  o.e.m.c.i.embedder.EclipseLogger - Using platform encoding (UTF-8 actually) to copy filtered resources, i.e. build is platform dependent!
2018-10-22 13:43:12,753 [Worker-6] INFO  o.e.m.c.i.embedder.EclipseLogger - skip non existing resourceDirectory /home/tonsr/gitworkspace/wxpt-app/wxpt-website/src/main/resources
2018-10-22 13:43:12,754 [Worker-6] WARN  o.e.m.c.i.embedder.EclipseLogger - Using platform encoding (UTF-8 actually) to copy filtered resources, i.e. build is platform dependent!
2018-10-22 13:43:12,754 [Worker-6] INFO  o.e.m.c.i.embedder.EclipseLogger - skip non existing resourceDirectory /home/tonsr/gitworkspace/wxpt-app/wxpt-website/src/test/resources
2018-10-22 13:43:21,343 [Worker-1] WARN  o.e.m.c.i.embedder.EclipseLogger - Using platform encoding (UTF-8 actually) to copy filtered resources, i.e. build is platform dependent!
2018-10-22 13:43:21,345 [Worker-1] INFO  o.e.m.c.i.embedder.EclipseLogger - Copying 2 resources
2018-10-22 13:43:21,347 [Worker-1] WARN  o.e.m.c.i.embedder.EclipseLogger - Using platform encoding (UTF-8 actually) to copy filtered resources, i.e. build is platform dependent!
2018-10-22 13:43:21,347 [Worker-1] INFO  o.e.m.c.i.embedder.EclipseLogger - skip non existing resourceDirectory /home/tonsr/gitworkspace/wxpt-app/wxpt-service/src/test/resources
2018-10-22 13:43:21,352 [Worker-1] WARN  o.e.m.c.i.embedder.EclipseLogger - Using platform encoding (UTF-8 actually) to copy filtered resources, i.e. build is platform dependent!
2018-10-22 13:43:21,352 [Worker-1] INFO  o.e.m.c.i.embedder.EclipseLogger - skip non existing resourceDirectory /home/tonsr/gitworkspace/wxpt-app/wxpt-website/src/main/resources
2018-10-22 13:43:21,352 [Worker-1] WARN  o.e.m.c.i.embedder.EclipseLogger - Using platform encoding (UTF-8 actually) to copy filtered resources, i.e. build is platform dependent!
2018-10-22 13:43:21,353 [Worker-1] INFO  o.e.m.c.i.embedder.EclipseLogger - skip non existing resourceDirectory /home/tonsr/gitworkspace/wxpt-app/wxpt-website/src/test/resources
2018-10-22 13:43:50,372 [Worker-2] INFO  o.e.m.c.i.l.LifecycleMappingFactory - Using org.eclipse.m2e.jdt.JarLifecycleMapping lifecycle mapping for MavenProject: com.tonsr:wxpt-config:0.0.1-SNAPSHOT @ /home/tonsr/gitworkspace/wxpt-app/wxpt-config/pom.xml.
2018-10-22 13:43:50,398 [Worker-2] WARN  o.e.m.c.i.embedder.EclipseLogger - Using platform encoding (UTF-8 actually) to copy filtered resources, i.e. build is platform dependent!
2018-10-22 13:43:50,399 [Worker-2] INFO  o.e.m.c.i.embedder.EclipseLogger - Copying 6 resources
2018-10-22 13:43:50,400 [Worker-2] WARN  o.e.m.c.i.embedder.EclipseLogger - Using platform encoding (UTF-8 actually) to copy filtered resources, i.e. build is platform dependent!
2018-10-22 13:43:50,401 [Worker-2] INFO  o.e.m.c.i.embedder.EclipseLogger - skip non existing resourceDirectory /home/tonsr/gitworkspace/wxpt-app/wxpt-config/src/test/resources
2018-10-22 13:43:50,456 [Worker-2] WARN  o.e.m.c.i.embedder.EclipseLogger - Using platform encoding (UTF-8 actually) to copy filtered resources, i.e. build is platform dependent!
2018-10-22 13:43:50,457 [Worker-2] INFO  o.e.m.c.i.embedder.EclipseLogger - Copying 2 resources
2018-10-22 13:43:50,460 [Worker-2] WARN  o.e.m.c.i.embedder.EclipseLogger - Using platform encoding (UTF-8 actually) to copy filtered resources, i.e. build is platform dependent!
2018-10-22 13:43:50,460 [Worker-2] INFO  o.e.m.c.i.embedder.EclipseLogger - skip non existing resourceDirectory /home/tonsr/gitworkspace/wxpt-app/wxpt-service/src/test/resources
2018-10-22 13:44:42,078 [Worker-3] INFO  o.e.m.c.i.l.LifecycleMappingFactory - Using org.eclipse.m2e.jdt.JarLifecycleMapping lifecycle mapping for MavenProject: com.tonsr:wxpt-config:0.0.1-SNAPSHOT @ /home/tonsr/gitworkspace/wxpt-app/wxpt-config/pom.xml.
2018-10-22 13:44:42,089 [Worker-3] INFO  o.e.m.c.i.l.LifecycleMappingFactory - Using org.eclipse.m2e.jdt.JarLifecycleMapping lifecycle mapping for MavenProject: com.tonsr:wxpt-service:0.0.1-SNAPSHOT @ /home/tonsr/gitworkspace/wxpt-app/wxpt-service/pom.xml.
2018-10-22 13:44:42,235 [Worker-3] WARN  o.e.m.c.i.embedder.EclipseLogger - Using platform encoding (UTF-8 actually) to copy filtered resources, i.e. build is platform dependent!
2018-10-22 13:44:42,236 [Worker-3] INFO  o.e.m.c.i.embedder.EclipseLogger - Copying 0 resource
2018-10-22 13:44:42,237 [Worker-3] WARN  o.e.m.c.i.embedder.EclipseLogger - Using platform encoding (UTF-8 actually) to copy filtered resources, i.e. build is platform dependent!
2018-10-22 13:44:42,237 [Worker-3] INFO  o.e.m.c.i.embedder.EclipseLogger - skip non existing resourceDirectory /home/tonsr/gitworkspace/wxpt-app/wxpt-config/src/test/resources
2018-10-22 13:44:42,290 [Worker-3] WARN  o.e.m.c.i.embedder.EclipseLogger - Using platform encoding (UTF-8 actually) to copy filtered resources, i.e. build is platform dependent!
2018-10-22 13:44:42,304 [Worker-3] INFO  o.e.m.c.i.embedder.EclipseLogger - Copying 2 resources
2018-10-22 13:44:42,306 [Worker-3] WARN  o.e.m.c.i.embedder.EclipseLogger - Using platform encoding (UTF-8 actually) to copy filtered resources, i.e. build is platform dependent!
2018-10-22 13:44:42,306 [Worker-3] INFO  o.e.m.c.i.embedder.EclipseLogger - skip non existing resourceDirectory /home/tonsr/gitworkspace/wxpt-app/wxpt-service/src/test/resources
2018-10-22 13:44:43,361 [Worker-0] WARN  o.e.m.c.i.embedder.EclipseLogger - Using platform encoding (UTF-8 actually) to copy filtered resources, i.e. build is platform dependent!
2018-10-22 13:44:43,362 [Worker-0] INFO  o.e.m.c.i.embedder.EclipseLogger - Copying 6 resources
2018-10-22 13:44:43,364 [Worker-0] WARN  o.e.m.c.i.embedder.EclipseLogger - Using platform encoding (UTF-8 actually) to copy filtered resources, i.e. build is platform dependent!
2018-10-22 13:44:43,364 [Worker-0] INFO  o.e.m.c.i.embedder.EclipseLogger - skip non existing resourceDirectory /home/tonsr/gitworkspace/wxpt-app/wxpt-config/src/test/resources
2018-10-22 13:44:59,149 [Worker-4] WARN  o.e.m.c.i.embedder.EclipseLogger - Using platform encoding (UTF-8 actually) to copy filtered resources, i.e. build is platform dependent!
2018-10-22 13:44:59,149 [Worker-4] INFO  o.e.m.c.i.embedder.EclipseLogger - Copying 6 resources
2018-10-22 13:44:59,150 [Worker-4] WARN  o.e.m.c.i.embedder.EclipseLogger - Using platform encoding (UTF-8 actually) to copy filtered resources, i.e. build is platform dependent!
2018-10-22 13:44:59,151 [Worker-4] INFO  o.e.m.c.i.embedder.EclipseLogger - skip non existing resourceDirectory /home/tonsr/gitworkspace/wxpt-app/wxpt-config/src/test/resources
2018-10-22 13:45:06,993 [Worker-7] WARN  o.e.m.c.i.embedder.EclipseLogger - Using platform encoding (UTF-8 actually) to copy filtered resources, i.e. build is platform dependent!
2018-10-22 13:45:06,995 [Worker-7] INFO  o.e.m.c.i.embedder.EclipseLogger - Copying 6 resources
2018-10-22 13:45:06,998 [Worker-7] WARN  o.e.m.c.i.embedder.EclipseLogger - Using platform encoding (UTF-8 actually) to copy filtered resources, i.e. build is platform dependent!
2018-10-22 13:45:06,998 [Worker-7] INFO  o.e.m.c.i.embedder.EclipseLogger - skip non existing resourceDirectory /home/tonsr/gitworkspace/wxpt-app/wxpt-config/src/test/resources
2018-10-22 13:45:25,153 [Worker-5] WARN  o.e.m.c.i.embedder.EclipseLogger - Using platform encoding (UTF-8 actually) to copy filtered resources, i.e. build is platform dependent!
2018-10-22 13:45:25,154 [Worker-5] INFO  o.e.m.c.i.embedder.EclipseLogger - Copying 0 resource
2018-10-22 13:45:25,155 [Worker-5] WARN  o.e.m.c.i.embedder.EclipseLogger - Using platform encoding (UTF-8 actually) to copy filtered resources, i.e. build is platform dependent!
2018-10-22 13:45:25,155 [Worker-5] INFO  o.e.m.c.i.embedder.EclipseLogger - skip non existing resourceDirectory /home/tonsr/gitworkspace/wxpt-app/wxpt-config/src/test/resources
2018-10-22 13:45:33,772 [Worker-7] WARN  o.e.m.c.i.embedder.EclipseLogger - Using platform encoding (UTF-8 actually) to copy filtered resources, i.e. build is platform dependent!
2018-10-22 13:45:33,773 [Worker-7] INFO  o.e.m.c.i.embedder.EclipseLogger - Copying 6 resources
2018-10-22 13:45:33,774 [Worker-7] WARN  o.e.m.c.i.embedder.EclipseLogger - Using platform encoding (UTF-8 actually) to copy filtered resources, i.e. build is platform dependent!
2018-10-22 13:45:33,774 [Worker-7] INFO  o.e.m.c.i.embedder.EclipseLogger - skip non existing resourceDirectory /home/tonsr/gitworkspace/wxpt-app/wxpt-config/src/test/resources
2018-10-22 13:45:33,781 [Worker-7] WARN  o.e.m.c.i.embedder.EclipseLogger - Using platform encoding (UTF-8 actually) to copy filtered resources, i.e. build is platform dependent!
2018-10-22 13:45:33,781 [Worker-7] INFO  o.e.m.c.i.embedder.EclipseLogger - Copying 2 resources
2018-10-22 13:45:33,782 [Worker-7] WARN  o.e.m.c.i.embedder.EclipseLogger - Using platform encoding (UTF-8 actually) to copy filtered resources, i.e. build is platform dependent!
2018-10-22 13:45:33,783 [Worker-7] INFO  o.e.m.c.i.embedder.EclipseLogger - skip non existing resourceDirectory /home/tonsr/gitworkspace/wxpt-app/wxpt-service/src/test/resources
2018-10-22 13:45:57,401 [Worker-1] INFO  o.e.m.c.i.l.LifecycleMappingFactory - Using org.eclipse.m2e.jdt.JarLifecycleMapping lifecycle mapping for MavenProject: com.demo:comm-plugin:0.0.1-SNAPSHOT @ /home/tonsr/gitworkspace/comm-stage/comm-plugin/pom.xml.
2018-10-22 13:45:57,436 [Worker-1] WARN  o.e.m.c.i.embedder.EclipseLogger - Using platform encoding (UTF-8 actually) to copy filtered resources, i.e. build is platform dependent!
2018-10-22 13:45:57,437 [Worker-1] INFO  o.e.m.c.i.embedder.EclipseLogger - Copying 1 resource
2018-10-22 13:45:57,438 [Worker-1] WARN  o.e.m.c.i.embedder.EclipseLogger - Using platform encoding (UTF-8 actually) to copy filtered resources, i.e. build is platform dependent!
2018-10-22 13:45:57,438 [Worker-1] INFO  o.e.m.c.i.embedder.EclipseLogger - skip non existing resourceDirectory /home/tonsr/gitworkspace/comm-stage/comm-plugin/src/test/resources
2018-10-22 13:45:57,487 [Worker-1] WARN  o.e.m.c.i.embedder.EclipseLogger - Using platform encoding (UTF-8 actually) to copy filtered resources, i.e. build is platform dependent!
2018-10-22 13:45:57,488 [Worker-1] INFO  o.e.m.c.i.embedder.EclipseLogger - Copying 1 resource
2018-10-22 13:45:57,489 [Worker-1] WARN  o.e.m.c.i.embedder.EclipseLogger - Using platform encoding (UTF-8 actually) to copy filtered resources, i.e. build is platform dependent!
2018-10-22 13:45:57,490 [Worker-1] INFO  o.e.m.c.i.embedder.EclipseLogger - skip non existing resourceDirectory /home/tonsr/gitworkspace/comm-stage/comm-db/src/test/resources
2018-10-22 13:45:57,549 [Worker-1] WARN  o.e.m.c.i.embedder.EclipseLogger - Using platform encoding (UTF-8 actually) to copy filtered resources, i.e. build is platform dependent!
2018-10-22 13:45:57,550 [Worker-1] INFO  o.e.m.c.i.embedder.EclipseLogger - Copying 2 resources
2018-10-22 13:45:57,552 [Worker-1] WARN  o.e.m.c.i.embedder.EclipseLogger - Using platform encoding (UTF-8 actually) to copy filtered resources, i.e. build is platform dependent!
2018-10-22 13:45:57,553 [Worker-1] INFO  o.e.m.c.i.embedder.EclipseLogger - skip non existing resourceDirectory /home/tonsr/gitworkspace/wxpt-app/wxpt-service/src/test/resources
2018-10-22 13:46:38,402 [Worker-1] INFO  o.e.m.c.i.l.LifecycleMappingFactory - Using org.eclipse.m2e.jdt.JarLifecycleMapping lifecycle mapping for MavenProject: com.demo:comm-db:0.0.1-SNAPSHOT @ /home/tonsr/gitworkspace/comm-stage/comm-db/pom.xml.
2018-10-22 13:46:38,470 [Worker-1] WARN  o.e.m.c.i.embedder.EclipseLogger - Using platform encoding (UTF-8 actually) to copy filtered resources, i.e. build is platform dependent!
2018-10-22 13:46:38,472 [Worker-1] INFO  o.e.m.c.i.embedder.EclipseLogger - Copying 1 resource
2018-10-22 13:46:38,474 [Worker-1] WARN  o.e.m.c.i.embedder.EclipseLogger - Using platform encoding (UTF-8 actually) to copy filtered resources, i.e. build is platform dependent!
2018-10-22 13:46:38,475 [Worker-1] INFO  o.e.m.c.i.embedder.EclipseLogger - skip non existing resourceDirectory /home/tonsr/gitworkspace/comm-stage/comm-db/src/test/resources
2018-10-22 13:46:38,530 [Worker-1] WARN  o.e.m.c.i.embedder.EclipseLogger - Using platform encoding (UTF-8 actually) to copy filtered resources, i.e. build is platform dependent!
2018-10-22 13:46:38,533 [Worker-1] INFO  o.e.m.c.i.embedder.EclipseLogger - Copying 2 resources
2018-10-22 13:46:38,536 [Worker-1] WARN  o.e.m.c.i.embedder.EclipseLogger - Using platform encoding (UTF-8 actually) to copy filtered resources, i.e. build is platform dependent!
2018-10-22 13:46:38,537 [Worker-1] INFO  o.e.m.c.i.embedder.EclipseLogger - skip non existing resourceDirectory /home/tonsr/gitworkspace/wxpt-app/wxpt-service/src/test/resources
2018-10-22 13:49:43,471 [Worker-0] INFO  o.e.m.c.i.l.LifecycleMappingFactory - Using org.eclipse.m2e.jdt.JarLifecycleMapping lifecycle mapping for MavenProject: com.tonsr:wxpt-website:0.0.1-SNAPSHOT @ /home/tonsr/gitworkspace/wxpt-app/wxpt-website/pom.xml.
2018-10-22 13:49:43,500 [Worker-0] WARN  o.e.m.c.i.embedder.EclipseLogger - Using platform encoding (UTF-8 actually) to copy filtered resources, i.e. build is platform dependent!
2018-10-22 13:49:43,501 [Worker-0] INFO  o.e.m.c.i.embedder.EclipseLogger - skip non existing resourceDirectory /home/tonsr/gitworkspace/wxpt-app/wxpt-website/src/main/resources
2018-10-22 13:49:43,502 [Worker-0] WARN  o.e.m.c.i.embedder.EclipseLogger - Using platform encoding (UTF-8 actually) to copy filtered resources, i.e. build is platform dependent!
2018-10-22 13:49:43,502 [Worker-0] INFO  o.e.m.c.i.embedder.EclipseLogger - skip non existing resourceDirectory /home/tonsr/gitworkspace/wxpt-app/wxpt-website/src/test/resources
2018-10-22 13:49:50,619 [Worker-3] INFO  o.e.m.c.i.l.LifecycleMappingFactory - Using org.eclipse.m2e.jdt.JarLifecycleMapping lifecycle mapping for MavenProject: com.tonsr:wxpt-website:0.0.1-SNAPSHOT @ /home/tonsr/gitworkspace/wxpt-app/wxpt-website/pom.xml.
2018-10-22 13:49:50,659 [Worker-3] WARN  o.e.m.c.i.embedder.EclipseLogger - Using platform encoding (UTF-8 actually) to copy filtered resources, i.e. build is platform dependent!
2018-10-22 13:49:50,659 [Worker-3] INFO  o.e.m.c.i.embedder.EclipseLogger - skip non existing resourceDirectory /home/tonsr/gitworkspace/wxpt-app/wxpt-website/src/main/resources
2018-10-22 13:49:50,660 [Worker-3] WARN  o.e.m.c.i.embedder.EclipseLogger - Using platform encoding (UTF-8 actually) to copy filtered resources, i.e. build is platform dependent!
2018-10-22 13:49:50,660 [Worker-3] INFO  o.e.m.c.i.embedder.EclipseLogger - skip non existing resourceDirectory /home/tonsr/gitworkspace/wxpt-app/wxpt-website/src/test/resources
2018-10-22 13:49:51,811 [Worker-2] WARN  o.e.m.c.i.embedder.EclipseLogger - Using platform encoding (UTF-8 actually) to copy filtered resources, i.e. build is platform dependent!
2018-10-22 13:49:51,811 [Worker-2] INFO  o.e.m.c.i.embedder.EclipseLogger - skip non existing resourceDirectory /home/tonsr/gitworkspace/wxpt-app/wxpt-website/src/main/resources
2018-10-22 13:49:51,812 [Worker-2] WARN  o.e.m.c.i.embedder.EclipseLogger - Using platform encoding (UTF-8 actually) to copy filtered resources, i.e. build is platform dependent!
2018-10-22 13:49:51,812 [Worker-2] INFO  o.e.m.c.i.embedder.EclipseLogger - skip non existing resourceDirectory /home/tonsr/gitworkspace/wxpt-app/wxpt-website/src/test/resources
2018-10-22 13:50:09,771 [Worker-2] WARN  o.e.m.c.i.embedder.EclipseLogger - Using platform encoding (UTF-8 actually) to copy filtered resources, i.e. build is platform dependent!
2018-10-22 13:50:09,772 [Worker-2] INFO  o.e.m.c.i.embedder.EclipseLogger - Copying 2 resources
2018-10-22 13:50:09,774 [Worker-2] WARN  o.e.m.c.i.embedder.EclipseLogger - Using platform encoding (UTF-8 actually) to copy filtered resources, i.e. build is platform dependent!
2018-10-22 13:50:09,774 [Worker-2] INFO  o.e.m.c.i.embedder.EclipseLogger - skip non existing resourceDirectory /home/tonsr/gitworkspace/wxpt-app/wxpt-service/src/test/resources
2018-10-22 13:50:25,921 [Worker-1] WARN  o.e.m.c.i.embedder.EclipseLogger - Using platform encoding (UTF-8 actually) to copy filtered resources, i.e. build is platform dependent!
2018-10-22 13:50:25,922 [Worker-1] INFO  o.e.m.c.i.embedder.EclipseLogger - skip non existing resourceDirectory /home/tonsr/gitworkspace/wxpt-app/wxpt-website/src/main/resources
2018-10-22 13:50:25,923 [Worker-1] WARN  o.e.m.c.i.embedder.EclipseLogger - Using platform encoding (UTF-8 actually) to copy filtered resources, i.e. build is platform dependent!
2018-10-22 13:50:25,923 [Worker-1] INFO  o.e.m.c.i.embedder.EclipseLogger - skip non existing resourceDirectory /home/tonsr/gitworkspace/wxpt-app/wxpt-website/src/test/resources
2018-10-22 13:50:37,927 [Worker-3] INFO  o.e.m.c.i.l.LifecycleMappingFactory - Using org.eclipse.m2e.jdt.JarLifecycleMapping lifecycle mapping for MavenProject: com.tonsr:wxpt-website:0.0.1-SNAPSHOT @ /home/tonsr/gitworkspace/wxpt-app/wxpt-website/pom.xml.
2018-10-22 13:50:37,956 [Worker-3] WARN  o.e.m.c.i.embedder.EclipseLogger - Using platform encoding (UTF-8 actually) to copy filtered resources, i.e. build is platform dependent!
2018-10-22 13:50:37,957 [Worker-3] INFO  o.e.m.c.i.embedder.EclipseLogger - skip non existing resourceDirectory /home/tonsr/gitworkspace/wxpt-app/wxpt-website/src/main/resources
2018-10-22 13:50:37,957 [Worker-3] WARN  o.e.m.c.i.embedder.EclipseLogger - Using platform encoding (UTF-8 actually) to copy filtered resources, i.e. build is platform dependent!
2018-10-22 13:50:37,957 [Worker-3] INFO  o.e.m.c.i.embedder.EclipseLogger - skip non existing resourceDirectory /home/tonsr/gitworkspace/wxpt-app/wxpt-website/src/test/resources
2018-10-22 13:51:04,885 [Worker-0] INFO  o.e.m.c.i.l.LifecycleMappingFactory - Using NULL lifecycle mapping for MavenProject: com.tonsr:wxpt-website:0.0.1-SNAPSHOT @ /home/tonsr/gitworkspace/wxpt-app/wxpt-website/pom.xml.
2018-10-22 13:52:18,348 [Worker-0] INFO  o.e.m.c.i.p.ProjectConfigurationManager - Update started
2018-10-22 13:52:18,352 [Worker-0] INFO  o.e.m.c.i.l.LifecycleMappingFactory - Using NULL lifecycle mapping for MavenProject: com.tonsr:wxpt-website:0.0.1-SNAPSHOT @ /home/tonsr/gitworkspace/wxpt-app/wxpt-website/pom.xml.
2018-10-22 13:52:18,376 [Worker-0] INFO  o.e.m.c.i.p.ProjectConfigurationManager - Update completed: 0 sec
2018-10-22 13:52:48,283 [Worker-2] INFO  o.e.m.c.i.l.LifecycleMappingFactory - Using org.eclipse.m2e.jdt.JarLifecycleMapping lifecycle mapping for MavenProject: com.tonsr:wxpt-controller:0.0.1-SNAPSHOT @ /home/tonsr/gitworkspace/wxpt-app/wxpt-controller/pom.xml.
2018-10-22 13:52:48,332 [Worker-2] INFO  o.e.m.c.i.embedder.EclipseLogger - Using 'UTF-8' encoding to copy filtered resources.
2018-10-22 13:52:48,333 [Worker-2] INFO  o.e.m.c.i.embedder.EclipseLogger - skip non existing resourceDirectory /home/tonsr/gitworkspace/wxpt-app/wxpt-controller/src/main/resources
2018-10-22 13:52:48,335 [Worker-2] INFO  o.e.m.c.i.embedder.EclipseLogger - Using 'UTF-8' encoding to copy filtered resources.
2018-10-22 13:52:48,335 [Worker-2] INFO  o.e.m.c.i.embedder.EclipseLogger - skip non existing resourceDirectory /home/tonsr/gitworkspace/wxpt-app/wxpt-controller/src/test/resources
2018-10-22 13:53:09,995 [Worker-1] INFO  o.e.m.c.i.embedder.EclipseLogger - Using 'UTF-8' encoding to copy filtered resources.
2018-10-22 13:53:09,996 [Worker-1] INFO  o.e.m.c.i.embedder.EclipseLogger - skip non existing resourceDirectory /home/tonsr/gitworkspace/wxpt-app/wxpt-controller/src/main/resources
2018-10-22 13:53:09,997 [Worker-1] INFO  o.e.m.c.i.embedder.EclipseLogger - Using 'UTF-8' encoding to copy filtered resources.
2018-10-22 13:53:09,997 [Worker-1] INFO  o.e.m.c.i.embedder.EclipseLogger - skip non existing resourceDirectory /home/tonsr/gitworkspace/wxpt-app/wxpt-controller/src/test/resources
2018-10-22 13:53:30,242 [Worker-6] INFO  o.e.m.c.i.embedder.EclipseLogger - Using 'UTF-8' encoding to copy filtered resources.
2018-10-22 13:53:30,243 [Worker-6] INFO  o.e.m.c.i.embedder.EclipseLogger - skip non existing resourceDirectory /home/tonsr/gitworkspace/wxpt-app/wxpt-controller/src/main/resources
2018-10-22 13:53:30,245 [Worker-6] INFO  o.e.m.c.i.embedder.EclipseLogger - Using 'UTF-8' encoding to copy filtered resources.
2018-10-22 13:53:30,245 [Worker-6] INFO  o.e.m.c.i.embedder.EclipseLogger - skip non existing resourceDirectory /home/tonsr/gitworkspace/wxpt-app/wxpt-controller/src/test/resources
